0000001 | 2015-02-09, 21:28:43.138718 [info] - missing rpc_bind_ip, ADDR_ANY is used as default.
0000002 | 2015-02-09, 21:28:43.139700 [info] - interface en0's address: 192.168.31.188
0000003 | 2015-02-09, 21:28:43.139731 [info] - config_entry: cfg_entry_idx_ 11
0000004 | 2015-02-09, 21:28:43.139740 [info] - found configuration entry 192.168.31.188,192.168.66.128,192.168.66.130,192.168.66.131, initing cluster config...
0000005 | 2015-02-09, 21:28:43.139792 [info] - added server 192.168.31.188 to configuration.
0000006 | 2015-02-09, 21:28:43.139802 [info] - added server 192.168.66.128 to configuration.
0000007 | 2015-02-09, 21:28:43.139808 [info] - added server 192.168.66.130 to configuration.
0000008 | 2015-02-09, 21:28:43.139816 [info] - added server 192.168.66.131 to configuration.
0000011 | 2015-02-09, 21:28:43.402297 [info] - election timer timed out, start pre_vote phase
0000012 | 2015-02-09, 21:28:43.403709 [error] - Connection refused
0000013 | 2015-02-09, 21:28:43.403845 [error] - Connection refused
0000020 | 2015-02-09, 21:28:43.474748 [info] - pre_vote phase failed, quit initiating election, restart election timer.
0000022 | 2015-02-09, 21:28:43.642451 [info] - election timer timed out, start pre_vote phase
0000023 | 2015-02-09, 21:28:43.643351 [error] - Connection refused
0000024 | 2015-02-09, 21:28:43.643490 [error] - Connection refused
0000031 | 2015-02-09, 21:28:43.716603 [info] - pre_vote phase failed, quit initiating election, restart election timer.
0000033 | 2015-02-09, 21:28:43.955806 [info] - election timer timed out, start pre_vote phase
0000034 | 2015-02-09, 21:28:43.956534 [error] - Connection refused
0000035 | 2015-02-09, 21:28:43.956648 [error] - Connection refused
0000042 | 2015-02-09, 21:28:44.029532 [info] - pre_vote phase failed, quit initiating election, restart election timer.
0000044 | 2015-02-09, 21:28:44.185704 [info] - election timer timed out, start pre_vote phase
0000045 | 2015-02-09, 21:28:44.186734 [error] - Connection refused
0000046 | 2015-02-09, 21:28:44.186877 [error] - Connection refused
0000053 | 2015-02-09, 21:28:44.257821 [info] - pre_vote phase failed, quit initiating election, restart election timer.
0000055 | 2015-02-09, 21:28:44.505800 [info] - election timer timed out, start pre_vote phase
0000058 | 2015-02-09, 21:28:44.506676 [error] - Connection refused
0000059 | 2015-02-09, 21:28:44.506779 [error] - Connection refused
0000064 | 2015-02-09, 21:28:44.580468 [info] - pre_vote phase failed, quit initiating election, restart election timer.
0000066 | 2015-02-09, 21:28:44.778707 [info] - election timer timed out, start pre_vote phase
0000069 | 2015-02-09, 21:28:44.779512 [error] - Connection refused
0000070 | 2015-02-09, 21:28:44.779619 [error] - Connection refused
0000075 | 2015-02-09, 21:28:44.851906 [info] - pre_vote phase failed, quit initiating election, restart election timer.
0000077 | 2015-02-09, 21:28:45.101803 [info] - election timer timed out, start pre_vote phase
0000080 | 2015-02-09, 21:28:45.102689 [error] - Connection refused
0000081 | 2015-02-09, 21:28:45.102796 [error] - Connection refused
0000086 | 2015-02-09, 21:28:45.177287 [info] - pre_vote phase failed, quit initiating election, restart election timer.
0000088 | 2015-02-09, 21:28:45.414583 [info] - election timer timed out, start pre_vote phase
0000089 | 2015-02-09, 21:28:45.415352 [error] - Connection refused
0000090 | 2015-02-09, 21:28:45.415446 [error] - Connection refused
0000097 | 2015-02-09, 21:28:45.488481 [info] - pre_vote phase failed, quit initiating election, restart election timer.
0000099 | 2015-02-09, 21:28:45.776945 [info] - election timer timed out, start pre_vote phase
0000100 | 2015-02-09, 21:28:45.777564 [error] - Connection refused
0000101 | 2015-02-09, 21:28:45.777650 [error] - Connection refused
0000108 | 2015-02-09, 21:28:45.848655 [info] - pre_vote phase failed, quit initiating election, restart election timer.
0000110 | 2015-02-09, 21:28:46.061586 [info] - election timer timed out, start pre_vote phase
0000113 | 2015-02-09, 21:28:46.062476 [error] - Connection refused
0000114 | 2015-02-09, 21:28:46.062575 [error] - Connection refused
0000119 | 2015-02-09, 21:28:46.132157 [info] - pre_vote phase failed, quit initiating election, restart election timer.
0000121 | 2015-02-09, 21:28:46.412421 [info] - election timer timed out, start pre_vote phase
0000124 | 2015-02-09, 21:28:46.413406 [error] - Connection refused
0000125 | 2015-02-09, 21:28:46.413514 [error] - Connection refused
0000130 | 2015-02-09, 21:28:46.486956 [info] - pre_vote phase failed, quit initiating election, restart election timer.
0000132 | 2015-02-09, 21:28:46.697135 [info] - election timer timed out, start pre_vote phase
0000133 | 2015-02-09, 21:28:46.698688 [error] - Connection refused
0000134 | 2015-02-09, 21:28:46.698826 [error] - Connection refused
0000141 | 2015-02-09, 21:28:46.769523 [info] - pre_vote phase failed, quit initiating election, restart election timer.
0000143 | 2015-02-09, 21:28:47.073134 [info] - election timer timed out, start pre_vote phase
0000146 | 2015-02-09, 21:28:47.074060 [error] - Connection refused
0000147 | 2015-02-09, 21:28:47.074167 [error] - Connection refused
0000152 | 2015-02-09, 21:28:47.147502 [info] - pre_vote phase failed, quit initiating election, restart election timer.
0000154 | 2015-02-09, 21:28:47.380938 [info] - election timer timed out, start pre_vote phase
0000157 | 2015-02-09, 21:28:47.381930 [error] - Connection refused
0000158 | 2015-02-09, 21:28:47.382008 [error] - Connection refused
0000163 | 2015-02-09, 21:28:47.455882 [info] - pre_vote phase failed, quit initiating election, restart election timer.
0000165 | 2015-02-09, 21:28:47.637869 [info] - election timer timed out, start pre_vote phase
0000166 | 2015-02-09, 21:28:47.638759 [error] - Connection refused
0000167 | 2015-02-09, 21:28:47.638885 [error] - Connection refused
0000174 | 2015-02-09, 21:28:47.708942 [info] - pre_vote phase failed, quit initiating election, restart election timer.
0000176 | 2015-02-09, 21:28:47.931766 [info] - election timer timed out, start pre_vote phase
0000177 | 2015-02-09, 21:28:47.932759 [error] - Connection refused
0000178 | 2015-02-09, 21:28:47.932861 [error] - Connection refused
0000185 | 2015-02-09, 21:28:48.004496 [info] - pre_vote phase failed, quit initiating election, restart election timer.
0000187 | 2015-02-09, 21:28:48.287367 [info] - election timer timed out, start pre_vote phase
0000190 | 2015-02-09, 21:28:48.288541 [error] - Connection refused
0000191 | 2015-02-09, 21:28:48.288622 [error] - Connection refused
0000196 | 2015-02-09, 21:28:48.358563 [info] - pre_vote phase failed, quit initiating election, restart election timer.
0000198 | 2015-02-09, 21:28:48.529664 [info] - election timer timed out, start pre_vote phase
0000201 | 2015-02-09, 21:28:48.530697 [error] - Connection refused
0000202 | 2015-02-09, 21:28:48.530776 [error] - Connection refused
0000207 | 2015-02-09, 21:28:48.602020 [info] - pre_vote phase failed, quit initiating election, restart election timer.
0000209 | 2015-02-09, 21:28:48.785509 [info] - election timer timed out, start pre_vote phase
0000210 | 2015-02-09, 21:28:48.786117 [error] - Connection refused
0000211 | 2015-02-09, 21:28:48.786217 [error] - Connection refused
0000218 | 2015-02-09, 21:28:48.859487 [info] - pre_vote phase failed, quit initiating election, restart election timer.
0000220 | 2015-02-09, 21:28:49.095714 [info] - election timer timed out, start pre_vote phase
0000223 | 2015-02-09, 21:28:49.096735 [error] - Connection refused
0000224 | 2015-02-09, 21:28:49.096843 [error] - Connection refused
0000229 | 2015-02-09, 21:28:49.170535 [info] - pre_vote phase failed, quit initiating election, restart election timer.
0000231 | 2015-02-09, 21:28:49.420491 [info] - election timer timed out, start pre_vote phase
0000232 | 2015-02-09, 21:28:49.421480 [error] - Connection refused
0000233 | 2015-02-09, 21:28:49.421618 [error] - Connection refused
0000240 | 2015-02-09, 21:28:49.493823 [info] - pre_vote phase failed, quit initiating election, restart election timer.
0000242 | 2015-02-09, 21:28:49.762776 [info] - election timer timed out, start pre_vote phase
0000245 | 2015-02-09, 21:28:49.763370 [error] - Connection refused
0000246 | 2015-02-09, 21:28:49.763439 [error] - Connection refused
0000251 | 2015-02-09, 21:28:49.834675 [info] - pre_vote phase failed, quit initiating election, restart election timer.
0000253 | 2015-02-09, 21:28:50.126536 [info] - election timer timed out, start pre_vote phase
0000254 | 2015-02-09, 21:28:50.127473 [error] - Connection refused
0000255 | 2015-02-09, 21:28:50.127613 [error] - Connection refused
0000262 | 2015-02-09, 21:28:50.201928 [info] - pre_vote phase failed, quit initiating election, restart election timer.
0000264 | 2015-02-09, 21:28:50.435268 [info] - election timer timed out, start pre_vote phase
0000267 | 2015-02-09, 21:28:50.436253 [error] - Connection refused
0000268 | 2015-02-09, 21:28:50.436337 [error] - Connection refused
0000273 | 2015-02-09, 21:28:50.507283 [info] - pre_vote phase failed, quit initiating election, restart election timer.
0000275 | 2015-02-09, 21:28:50.805609 [info] - election timer timed out, start pre_vote phase
0000276 | 2015-02-09, 21:28:50.806420 [error] - Connection refused
0000277 | 2015-02-09, 21:28:50.806540 [error] - Connection refused
0000284 | 2015-02-09, 21:28:50.877613 [info] - pre_vote phase failed, quit initiating election, restart election timer.
0000286 | 2015-02-09, 21:28:51.066216 [info] - election timer timed out, start pre_vote phase
0000287 | 2015-02-09, 21:28:51.067383 [error] - Connection refused
0000288 | 2015-02-09, 21:28:51.067492 [error] - Connection refused
0000295 | 2015-02-09, 21:28:51.137842 [info] - pre_vote phase failed, quit initiating election, restart election timer.
0000297 | 2015-02-09, 21:28:51.297374 [info] - election timer timed out, start pre_vote phase
0000298 | 2015-02-09, 21:28:51.298263 [error] - Connection refused
0000299 | 2015-02-09, 21:28:51.298377 [error] - Connection refused
0000306 | 2015-02-09, 21:28:51.370450 [info] - pre_vote phase failed, quit initiating election, restart election timer.
0000308 | 2015-02-09, 21:28:51.577040 [info] - election timer timed out, start pre_vote phase
0000311 | 2015-02-09, 21:28:51.577994 [error] - Connection refused
0000312 | 2015-02-09, 21:28:51.578075 [error] - Connection refused
0000317 | 2015-02-09, 21:28:51.649246 [info] - pre_vote phase failed, quit initiating election, restart election timer.
0000319 | 2015-02-09, 21:28:51.807444 [info] - election timer timed out, start pre_vote phase
0000320 | 2015-02-09, 21:28:51.808007 [error] - Connection refused
0000321 | 2015-02-09, 21:28:51.808094 [error] - Connection refused
0000328 | 2015-02-09, 21:28:51.880474 [info] - pre_vote phase failed, quit initiating election, restart election timer.
0000330 | 2015-02-09, 21:28:52.182551 [info] - election timer timed out, start pre_vote phase
0000331 | 2015-02-09, 21:28:52.183595 [error] - Connection refused
0000332 | 2015-02-09, 21:28:52.183758 [error] - Connection refused
0000339 | 2015-02-09, 21:28:52.258054 [info] - pre_vote phase failed, quit initiating election, restart election timer.
0000341 | 2015-02-09, 21:28:52.555303 [info] - election timer timed out, start pre_vote phase
0000342 | 2015-02-09, 21:28:52.556201 [error] - Connection refused
0000343 | 2015-02-09, 21:28:52.556397 [error] - Connection refused
0000350 | 2015-02-09, 21:28:52.628441 [info] - pre_vote phase failed, quit initiating election, restart election timer.
0000352 | 2015-02-09, 21:28:52.844009 [info] - election timer timed out, start pre_vote phase
0000353 | 2015-02-09, 21:28:52.844838 [error] - Connection refused
0000354 | 2015-02-09, 21:28:52.844998 [error] - Connection refused
0000361 | 2015-02-09, 21:28:52.918653 [info] - pre_vote phase failed, quit initiating election, restart election timer.
0000363 | 2015-02-09, 21:28:53.121986 [info] - election timer timed out, start pre_vote phase
0000366 | 2015-02-09, 21:28:53.122943 [error] - Connection refused
0000367 | 2015-02-09, 21:28:53.123022 [error] - Connection refused
0000372 | 2015-02-09, 21:28:53.197256 [info] - pre_vote phase failed, quit initiating election, restart election timer.
0000374 | 2015-02-09, 21:28:53.367248 [info] - election timer timed out, start pre_vote phase
0000375 | 2015-02-09, 21:28:53.368250 [error] - Connection refused
0000376 | 2015-02-09, 21:28:53.368389 [error] - Connection refused
0000383 | 2015-02-09, 21:28:53.441206 [info] - pre_vote phase failed, quit initiating election, restart election timer.
0000385 | 2015-02-09, 21:28:53.633852 [info] - election timer timed out, start pre_vote phase
0000388 | 2015-02-09, 21:28:53.634512 [error] - Connection refused
0000389 | 2015-02-09, 21:28:53.634578 [error] - Connection refused
0000394 | 2015-02-09, 21:28:53.708063 [info] - pre_vote phase failed, quit initiating election, restart election timer.
0000396 | 2015-02-09, 21:28:53.976764 [info] - election timer timed out, start pre_vote phase
0000397 | 2015-02-09, 21:28:53.977392 [error] - Connection refused
0000398 | 2015-02-09, 21:28:53.977469 [error] - Connection refused
0000405 | 2015-02-09, 21:28:54.049379 [info] - pre_vote phase failed, quit initiating election, restart election timer.
0000407 | 2015-02-09, 21:28:54.242065 [info] - election timer timed out, start pre_vote phase
0000410 | 2015-02-09, 21:28:54.242719 [error] - Connection refused
0000411 | 2015-02-09, 21:28:54.242822 [error] - Connection refused
0000416 | 2015-02-09, 21:28:54.316542 [info] - pre_vote phase failed, quit initiating election, restart election timer.
0000418 | 2015-02-09, 21:28:54.609199 [info] - election timer timed out, start pre_vote phase
0000419 | 2015-02-09, 21:28:54.609883 [error] - Connection refused
0000420 | 2015-02-09, 21:28:54.609976 [error] - Connection refused
0000427 | 2015-02-09, 21:28:54.683350 [info] - pre_vote phase failed, quit initiating election, restart election timer.
0000429 | 2015-02-09, 21:28:54.985145 [info] - election timer timed out, start pre_vote phase
0000430 | 2015-02-09, 21:28:54.985969 [error] - Connection refused
0000431 | 2015-02-09, 21:28:54.986073 [error] - Connection refused
0000438 | 2015-02-09, 21:28:55.057007 [info] - pre_vote phase failed, quit initiating election, restart election timer.
0000440 | 2015-02-09, 21:28:55.317905 [info] - election timer timed out, start pre_vote phase
0000443 | 2015-02-09, 21:28:55.318929 [error] - Connection refused
0000444 | 2015-02-09, 21:28:55.319008 [error] - Connection refused
0000449 | 2015-02-09, 21:28:55.391624 [info] - pre_vote phase failed, quit initiating election, restart election timer.
0000451 | 2015-02-09, 21:28:55.558555 [info] - election timer timed out, start pre_vote phase
0000452 | 2015-02-09, 21:28:55.559503 [error] - Connection refused
0000453 | 2015-02-09, 21:28:55.559801 [error] - Connection refused
0000460 | 2015-02-09, 21:28:55.633312 [info] - pre_vote phase failed, quit initiating election, restart election timer.
0000462 | 2015-02-09, 21:28:55.829783 [info] - election timer timed out, start pre_vote phase
0000463 | 2015-02-09, 21:28:55.830635 [error] - Connection refused
0000464 | 2015-02-09, 21:28:55.830775 [error] - Connection refused
0000471 | 2015-02-09, 21:28:55.902356 [info] - pre_vote phase failed, quit initiating election, restart election timer.
0000473 | 2015-02-09, 21:28:56.099668 [info] - election timer timed out, start pre_vote phase
0000474 | 2015-02-09, 21:28:56.100540 [error] - Connection refused
0000475 | 2015-02-09, 21:28:56.100679 [error] - Connection refused
0000482 | 2015-02-09, 21:28:56.171145 [info] - pre_vote phase failed, quit initiating election, restart election timer.
0000484 | 2015-02-09, 21:28:56.403318 [info] - election timer timed out, start pre_vote phase
0000485 | 2015-02-09, 21:28:56.404071 [error] - Connection refused
0000486 | 2015-02-09, 21:28:56.404168 [error] - Connection refused
0000493 | 2015-02-09, 21:28:56.474726 [info] - pre_vote phase failed, quit initiating election, restart election timer.
0000495 | 2015-02-09, 21:28:56.692002 [info] - election timer timed out, start pre_vote phase
0000496 | 2015-02-09, 21:28:56.692862 [error] - Connection refused
0000497 | 2015-02-09, 21:28:56.692994 [error] - Connection refused
0000504 | 2015-02-09, 21:28:56.762539 [info] - pr